<?xml version="1.0" encoding="UTF-8"?>
<!-- Generated by org.testng.reporters.JUnitReportReporter -->
<testsuite skipped="0" hostname="Trantor-LPUS02" name="module_List.GetLessonList" tests="1" failures="0" timestamp="05 Dec 2023 16:23:13 GMT" time="43.514" errors="0">
  <testcase name="GetModulesList" time="43.514" classname="module_List.GetLessonList"/>
</testsuite> <!-- module_List.GetLessonList -->
